*** Starting uWSGI 2.0.21 (64bit) on [Fri Oct 27 05:52:29 2023] ***
compiled with version: 11.2.0 on 06 July 2023 08:26:35
os: Linux-6.2.0-1017-gcp #19~22.04.1-Ubuntu SMP Fri Oct 13 15:33:25 UTC 2023
nodename: ubuntu
machine: x86_64
clock source: unix
pcre jit disabled
detected number of CPU cores: 2
current working directory: /home/junyeong96/hittimer-server
writing pidfile to ./uwsgi.pid
detected binary path: /home/junyeong96/miniconda3/envs/server/bin/uwsgi
your processes number limit is 3766
your memory page size is 4096 bytes
detected max file descriptor number: 1024
lock engine: pthread robust mutexes
thunder lock: disabled (you can enable it with --thunder-lock)
uwsgi socket 0 bound to UNIX address ./uwsgi.sock fd 3
Python version: 3.10.11 (main, Apr 20 2023, 19:02:41) [GCC 11.2.0]
*** Python threads support is disabled. You can enable it with --enable-threads ***
Python main interpreter initialized at 0x1aa8e70
your server socket listen backlog is limited to 100 connections
your mercy for graceful operations on workers is 60 seconds
mapped 218760 bytes (213 KB) for 2 cores
*** Operational MODE: preforking ***
WSGI app 0 (mountpoint='') ready in 7 seconds on interpreter 0x1aa8e70 pid: 34455 (default app)
*** uWSGI is running in multiple interpreter mode ***
spawned uWSGI master process (pid: 34455)
spawned uWSGI worker 1 (pid: 34486, cores: 1)
spawned uWSGI worker 2 (pid: 34487, cores: 1)
[2023-10-27 05:52:46,836] ERROR in app: Exception on /train-arrival/near-station [POST]
Traceback (most recent call last):
  File "/home/junyeong96/miniconda3/envs/server/lib/python3.10/site-packages/flask/app.py", line 2525, in wsgi_app
    response = self.full_dispatch_request()
  File "/home/junyeong96/miniconda3/envs/server/lib/python3.10/site-packages/flask/app.py", line 1822, in full_dispatch_request
    rv = self.handle_user_exception(e)
  File "/home/junyeong96/miniconda3/envs/server/lib/python3.10/site-packages/flask/app.py", line 1820, in full_dispatch_request
    rv = self.dispatch_request()
  File "/home/junyeong96/miniconda3/envs/server/lib/python3.10/site-packages/flask/app.py", line 1796, in dispatch_request
    return self.ensure_sync(self.view_functions[rule.endpoint])(**view_args)
  File "/home/junyeong96/hittimer-server/./Server.py", line 71, in nearStation
    stations = getNearStation(data['lat'], data['lng'])
  File "/home/junyeong96/hittimer-server/./getTrainData.py", line 101, in getNearStation
    json_data = json.load(f)
  File "/home/junyeong96/miniconda3/envs/server/lib/python3.10/json/__init__.py", line 293, in load
    return loads(fp.read(),
  File "/home/junyeong96/miniconda3/envs/server/lib/python3.10/encodings/ascii.py", line 26, in decode
    return codecs.ascii_decode(input, self.errors)[0]
UnicodeDecodeError: 'ascii' codec can't decode byte 0xed in position 12: ordinal not in range(128)
[pid: 34486|app: 0|req: 1/1] 220.116.52.243 () {42 vars in 622 bytes} [Fri Oct 27 05:52:46 2023] POST /train-arrival/near-station => generated 265 bytes in 135 msecs (HTTP/1.1 500) 2 headers in 99 bytes (1 switches on core 0)
[2023-10-27 05:53:46,249] ERROR in app: Exception on /train-arrival/near-station [POST]
Traceback (most recent call last):
  File "/home/junyeong96/miniconda3/envs/server/lib/python3.10/site-packages/flask/app.py", line 2525, in wsgi_app
    response = self.full_dispatch_request()
  File "/home/junyeong96/miniconda3/envs/server/lib/python3.10/site-packages/flask/app.py", line 1822, in full_dispatch_request
    rv = self.handle_user_exception(e)
  File "/home/junyeong96/miniconda3/envs/server/lib/python3.10/site-packages/flask/app.py", line 1820, in full_dispatch_request
    rv = self.dispatch_request()
  File "/home/junyeong96/miniconda3/envs/server/lib/python3.10/site-packages/flask/app.py", line 1796, in dispatch_request
    return self.ensure_sync(self.view_functions[rule.endpoint])(**view_args)
  File "/home/junyeong96/hittimer-server/./Server.py", line 71, in nearStation
    stations = getNearStation(data['lat'], data['lng'])
  File "/home/junyeong96/hittimer-server/./getTrainData.py", line 101, in getNearStation
    json_data = json.load(f)
  File "/home/junyeong96/miniconda3/envs/server/lib/python3.10/json/__init__.py", line 293, in load
    return loads(fp.read(),
  File "/home/junyeong96/miniconda3/envs/server/lib/python3.10/encodings/ascii.py", line 26, in decode
    return codecs.ascii_decode(input, self.errors)[0]
UnicodeDecodeError: 'ascii' codec can't decode byte 0xed in position 12: ordinal not in range(128)
[pid: 34487|app: 0|req: 1/2] 220.116.52.243 () {42 vars in 622 bytes} [Fri Oct 27 05:53:46 2023] POST /train-arrival/near-station => generated 265 bytes in 11 msecs (HTTP/1.1 500) 2 headers in 99 bytes (2 switches on core 0)
*** Starting uWSGI 2.0.21 (64bit) on [Fri Oct 27 06:02:43 2023] ***
compiled with version: 11.2.0 on 06 July 2023 08:26:35
os: Linux-6.2.0-1017-gcp #19~22.04.1-Ubuntu SMP Fri Oct 13 15:33:25 UTC 2023
nodename: ubuntu
machine: x86_64
clock source: unix
pcre jit disabled
detected number of CPU cores: 2
current working directory: /home/junyeong96/hittimer-server
writing pidfile to ./uwsgi.pid
detected binary path: /home/junyeong96/miniconda3/envs/server/bin/uwsgi
your processes number limit is 3766
your memory page size is 4096 bytes
detected max file descriptor number: 1024
lock engine: pthread robust mutexes
thunder lock: disabled (you can enable it with --thunder-lock)
uwsgi socket 0 bound to UNIX address ./uwsgi.sock fd 3
Python version: 3.10.11 (main, Apr 20 2023, 19:02:41) [GCC 11.2.0]
*** Python threads support is disabled. You can enable it with --enable-threads ***
Python main interpreter initialized at 0xd8ae70
your server socket listen backlog is limited to 100 connections
your mercy for graceful operations on workers is 60 seconds
mapped 218760 bytes (213 KB) for 2 cores
*** Operational MODE: preforking ***
Traceback (most recent call last):
  File "/home/junyeong96/hittimer-server/./wsgi.py", line 1, in <module>
    from Server import app
  File "/home/junyeong96/hittimer-server/./Server.py", line 10, in <module>
    from getTrainData import get_train_data, getLines, getNearStation
  File "/home/junyeong96/hittimer-server/./getTrainData.py", line 6, in <module>
    reload(sys)
NameError: name 'reload' is not defined
unable to load app 0 (mountpoint='') (callable not found or import error)
*** no app loaded. going in full dynamic mode ***
*** uWSGI is running in multiple interpreter mode ***
spawned uWSGI master process (pid: 34711)
spawned uWSGI worker 1 (pid: 34740, cores: 1)
spawned uWSGI worker 2 (pid: 34741, cores: 1)
SIGINT/SIGTERM received...killing workers...
SIGINT/SIGTERM received...killing workers...
worker 1 buried after 1 seconds
worker 2 buried after 1 seconds
goodbye to uWSGI.
worker 1 buried after 1 seconds
worker 2 buried after 1 seconds
goodbye to uWSGI.
VACUUM: pidfile removed.
VACUUM: unix socket ./uwsgi.sock removed.
unlink(): No such file or directory [core/uwsgi.c line 1617]
unlink(): No such file or directory [core/uwsgi.c line 1662]
*** Starting uWSGI 2.0.21 (64bit) on [Fri Oct 27 06:02:54 2023] ***
compiled with version: 11.2.0 on 06 July 2023 08:26:35
os: Linux-6.2.0-1017-gcp #19~22.04.1-Ubuntu SMP Fri Oct 13 15:33:25 UTC 2023
nodename: ubuntu
machine: x86_64
clock source: unix
pcre jit disabled
detected number of CPU cores: 2
current working directory: /home/junyeong96/hittimer-server
writing pidfile to ./uwsgi.pid
detected binary path: /home/junyeong96/miniconda3/envs/server/bin/uwsgi
your processes number limit is 3766
your memory page size is 4096 bytes
detected max file descriptor number: 1024
lock engine: pthread robust mutexes
thunder lock: disabled (you can enable it with --thunder-lock)
uwsgi socket 0 bound to UNIX address ./uwsgi.sock fd 3
Python version: 3.10.11 (main, Apr 20 2023, 19:02:41) [GCC 11.2.0]
*** Python threads support is disabled. You can enable it with --enable-threads ***
Python main interpreter initialized at 0x255ee70
your server socket listen backlog is limited to 100 connections
your mercy for graceful operations on workers is 60 seconds
mapped 218760 bytes (213 KB) for 2 cores
*** Operational MODE: preforking ***
Traceback (most recent call last):
  File "/home/junyeong96/hittimer-server/./wsgi.py", line 1, in <module>
    from Server import app
  File "/home/junyeong96/hittimer-server/./Server.py", line 10, in <module>
    from getTrainData import get_train_data, getLines, getNearStation
  File "/home/junyeong96/hittimer-server/./getTrainData.py", line 6, in <module>
    reload(sys)
NameError: name 'reload' is not defined
unable to load app 0 (mountpoint='') (callable not found or import error)
*** no app loaded. going in full dynamic mode ***
*** uWSGI is running in multiple interpreter mode ***
spawned uWSGI master process (pid: 34788)
spawned uWSGI worker 1 (pid: 34817, cores: 1)
spawned uWSGI worker 2 (pid: 34818, cores: 1)
SIGINT/SIGTERM received...killing workers...
worker 1 buried after 1 seconds
worker 2 buried after 1 seconds
goodbye to uWSGI.
VACUUM: pidfile removed.
VACUUM: unix socket ./uwsgi.sock removed.
*** Starting uWSGI 2.0.21 (64bit) on [Fri Oct 27 06:04:13 2023] ***
compiled with version: 11.2.0 on 06 July 2023 08:26:35
os: Linux-6.2.0-1017-gcp #19~22.04.1-Ubuntu SMP Fri Oct 13 15:33:25 UTC 2023
nodename: ubuntu
machine: x86_64
clock source: unix
pcre jit disabled
detected number of CPU cores: 2
current working directory: /home/junyeong96/hittimer-server
writing pidfile to ./uwsgi.pid
detected binary path: /home/junyeong96/miniconda3/envs/server/bin/uwsgi
your processes number limit is 3766
your memory page size is 4096 bytes
detected max file descriptor number: 1024
lock engine: pthread robust mutexes
thunder lock: disabled (you can enable it with --thunder-lock)
uwsgi socket 0 bound to UNIX address ./uwsgi.sock fd 3
Python version: 3.10.11 (main, Apr 20 2023, 19:02:41) [GCC 11.2.0]
*** Python threads support is disabled. You can enable it with --enable-threads ***
Python main interpreter initialized at 0xa6ee70
your server socket listen backlog is limited to 100 connections
your mercy for graceful operations on workers is 60 seconds
mapped 218760 bytes (213 KB) for 2 cores
*** Operational MODE: preforking ***
Traceback (most recent call last):
  File "/home/junyeong96/hittimer-server/./wsgi.py", line 1, in <module>
    from Server import app
  File "/home/junyeong96/hittimer-server/./Server.py", line 10, in <module>
    from getTrainData import get_train_data, getLines, getNearStation
  File "/home/junyeong96/hittimer-server/./getTrainData.py", line 7, in <module>
    sys.setdefaultencoding('utf8')
AttributeError: module 'sys' has no attribute 'setdefaultencoding'. Did you mean: 'getdefaultencoding'?
unable to load app 0 (mountpoint='') (callable not found or import error)
*** no app loaded. going in full dynamic mode ***
*** uWSGI is running in multiple interpreter mode ***
spawned uWSGI master process (pid: 34966)
spawned uWSGI worker 1 (pid: 34995, cores: 1)
spawned uWSGI worker 2 (pid: 34996, cores: 1)
SIGINT/SIGTERM received...killing workers...
worker 1 buried after 1 seconds
worker 2 buried after 1 seconds
goodbye to uWSGI.
VACUUM: pidfile removed.
VACUUM: unix socket ./uwsgi.sock removed.
*** Starting uWSGI 2.0.21 (64bit) on [Fri Oct 27 06:06:07 2023] ***
compiled with version: 11.2.0 on 06 July 2023 08:26:35
os: Linux-6.2.0-1017-gcp #19~22.04.1-Ubuntu SMP Fri Oct 13 15:33:25 UTC 2023
nodename: ubuntu
machine: x86_64
clock source: unix
pcre jit disabled
detected number of CPU cores: 2
current working directory: /home/junyeong96/hittimer-server
writing pidfile to ./uwsgi.pid
detected binary path: /home/junyeong96/miniconda3/envs/server/bin/uwsgi
your processes number limit is 3766
your memory page size is 4096 bytes
detected max file descriptor number: 1024
lock engine: pthread robust mutexes
thunder lock: disabled (you can enable it with --thunder-lock)
uwsgi socket 0 bound to UNIX address ./uwsgi.sock fd 3
Python version: 3.10.11 (main, Apr 20 2023, 19:02:41) [GCC 11.2.0]
*** Python threads support is disabled. You can enable it with --enable-threads ***
Python main interpreter initialized at 0x27dae70
your server socket listen backlog is limited to 100 connections
your mercy for graceful operations on workers is 60 seconds
mapped 218760 bytes (213 KB) for 2 cores
*** Operational MODE: preforking ***
WSGI app 0 (mountpoint='') ready in 5 seconds on interpreter 0x27dae70 pid: 35121 (default app)
*** uWSGI is running in multiple interpreter mode ***
spawned uWSGI master process (pid: 35121)
spawned uWSGI worker 1 (pid: 35156, cores: 1)
spawned uWSGI worker 2 (pid: 35157, cores: 1)
[2023-10-27 06:06:31,289] ERROR in app: Exception on /train-arrival/near-station [POST]
Traceback (most recent call last):
  File "/home/junyeong96/miniconda3/envs/server/lib/python3.10/site-packages/flask/app.py", line 2525, in wsgi_app
    response = self.full_dispatch_request()
  File "/home/junyeong96/miniconda3/envs/server/lib/python3.10/site-packages/flask/app.py", line 1822, in full_dispatch_request
    rv = self.handle_user_exception(e)
  File "/home/junyeong96/miniconda3/envs/server/lib/python3.10/site-packages/flask/app.py", line 1820, in full_dispatch_request
    rv = self.dispatch_request()
  File "/home/junyeong96/miniconda3/envs/server/lib/python3.10/site-packages/flask/app.py", line 1796, in dispatch_request
    return self.ensure_sync(self.view_functions[rule.endpoint])(**view_args)
  File "/home/junyeong96/hittimer-server/./Server.py", line 71, in nearStation
    stations = getNearStation(data['lat'], data['lng'])
  File "/home/junyeong96/hittimer-server/./getTrainData.py", line 116, in getNearStation
    print(new)
UnicodeEncodeError: 'ascii' codec can't encode characters in position 2-4: ordinal not in range(128)
[pid: 35156|app: 0|req: 1/1] 220.116.52.243 () {42 vars in 622 bytes} [Fri Oct 27 06:06:31 2023] POST /train-arrival/near-station => generated 265 bytes in 12 msecs (HTTP/1.1 500) 2 headers in 99 bytes (2 switches on core 0)
SIGINT/SIGTERM received...killing workers...
worker 1 buried after 1 seconds
worker 2 buried after 1 seconds
goodbye to uWSGI.
VACUUM: pidfile removed.
VACUUM: unix socket ./uwsgi.sock removed.
*** Starting uWSGI 2.0.21 (64bit) on [Fri Oct 27 06:07:29 2023] ***
compiled with version: 11.2.0 on 06 July 2023 08:26:35
os: Linux-6.2.0-1017-gcp #19~22.04.1-Ubuntu SMP Fri Oct 13 15:33:25 UTC 2023
nodename: ubuntu
machine: x86_64
clock source: unix
pcre jit disabled
detected number of CPU cores: 2
current working directory: /home/junyeong96/hittimer-server
writing pidfile to ./uwsgi.pid
detected binary path: /home/junyeong96/miniconda3/envs/server/bin/uwsgi
your processes number limit is 3766
your memory page size is 4096 bytes
detected max file descriptor number: 1024
lock engine: pthread robust mutexes
thunder lock: disabled (you can enable it with --thunder-lock)
uwsgi socket 0 bound to UNIX address ./uwsgi.sock fd 3
Python version: 3.10.11 (main, Apr 20 2023, 19:02:41) [GCC 11.2.0]
*** Python threads support is disabled. You can enable it with --enable-threads ***
Python main interpreter initialized at 0xcbbe70
your server socket listen backlog is limited to 100 connections
your mercy for graceful operations on workers is 60 seconds
mapped 218760 bytes (213 KB) for 2 cores
*** Operational MODE: preforking ***
WSGI app 0 (mountpoint='') ready in 4 seconds on interpreter 0xcbbe70 pid: 35303 (default app)
*** uWSGI is running in multiple interpreter mode ***
spawned uWSGI master process (pid: 35303)
spawned uWSGI worker 1 (pid: 35332, cores: 1)
spawned uWSGI worker 2 (pid: 35333, cores: 1)
[pid: 35332|app: 0|req: 1/1] 54.37.79.75 () {36 vars in 499 bytes} [Fri Oct 27 06:07:33 2023] GET /.env => generated 207 bytes in 6 msecs (HTTP/1.1 404) 2 headers in 87 bytes (1 switches on core 0)
[pid: 35332|app: 0|req: 2/2] 54.37.79.75 () {40 vars in 606 bytes} [Fri Oct 27 06:07:33 2023] POST / => generated 153 bytes in 0 msecs (HTTP/1.1 405) 3 headers in 123 bytes (1 switches on core 0)
[pid: 35332|app: 0|req: 3/3] 220.116.52.243 () {42 vars in 622 bytes} [Fri Oct 27 06:07:37 2023] POST /train-arrival/near-station => generated 158 bytes in 4 msecs (HTTP/1.1 200) 2 headers in 72 bytes (1 switches on core 0)
[pid: 35333|app: 0|req: 1/4] 220.116.52.243 () {38 vars in 584 bytes} [Fri Oct 27 06:07:41 2023] GET /train-arrival/getline?station=%EC%83%81%EA%B3%84 => generated 25 bytes in 981 msecs (HTTP/1.1 200) 2 headers in 71 bytes (1 switches on core 0)
[pid: 35332|app: 0|req: 4/5] 220.116.52.243 () {38 vars in 644 bytes} [Fri Oct 27 06:07:49 2023] GET /train-arrival?line=1004&station=%EC%83%81%EA%B3%84&updnline=%ED%95%98%ED%96%89 => generated 131 bytes in 306 msecs (HTTP/1.1 200) 2 headers in 72 bytes (1 switches on core 0)
[pid: 35333|app: 0|req: 2/6] 220.116.52.243 () {42 vars in 626 bytes} [Fri Oct 27 06:10:59 2023] POST /train-arrival/near-station => generated 158 bytes in 4 msecs (HTTP/1.1 200) 2 headers in 72 bytes (2 switches on core 0)
[pid: 35332|app: 0|req: 5/7] 220.116.52.243 () {38 vars in 588 bytes} [Fri Oct 27 06:11:02 2023] GET /train-arrival/getline?station=%EC%83%81%EA%B3%84 => generated 25 bytes in 814 msecs (HTTP/1.1 200) 2 headers in 71 bytes (1 switches on core 0)
[pid: 35333|app: 0|req: 3/8] 220.116.52.243 () {38 vars in 648 bytes} [Fri Oct 27 06:11:06 2023] GET /train-arrival?line=1004&station=%EC%83%81%EA%B3%84&updnline=%ED%95%98%ED%96%89 => generated 259 bytes in 250 msecs (HTTP/1.1 200) 2 headers in 72 bytes (2 switches on core 0)
[pid: 35332|app: 0|req: 6/9] 220.116.52.243 () {42 vars in 626 bytes} [Fri Oct 27 06:12:01 2023] POST /train-arrival/near-station => generated 158 bytes in 2 msecs (HTTP/1.1 200) 2 headers in 72 bytes (1 switches on core 0)
[pid: 35333|app: 0|req: 4/10] 220.116.52.243 () {38 vars in 588 bytes} [Fri Oct 27 06:12:03 2023] GET /train-arrival/getline?station=%EC%83%81%EA%B3%84 => generated 25 bytes in 832 msecs (HTTP/1.1 200) 2 headers in 71 bytes (2 switches on core 0)
[pid: 35332|app: 0|req: 7/11] 220.116.52.243 () {38 vars in 648 bytes} [Fri Oct 27 06:12:06 2023] GET /train-arrival?line=1004&station=%EC%83%81%EA%B3%84&updnline=%ED%95%98%ED%96%89 => generated 259 bytes in 256 msecs (HTTP/1.1 200) 2 headers in 72 bytes (1 switches on core 0)
[pid: 35332|app: 0|req: 8/12] 220.116.52.243 () {42 vars in 626 bytes} [Fri Oct 27 06:12:26 2023] POST /train-arrival/near-station => generated 158 bytes in 2 msecs (HTTP/1.1 200) 2 headers in 72 bytes (1 switches on core 0)
[pid: 35332|app: 0|req: 9/13] 220.116.52.243 () {38 vars in 588 bytes} [Fri Oct 27 06:12:29 2023] GET /train-arrival/getline?station=%EC%83%81%EA%B3%84 => generated 25 bytes in 254 msecs (HTTP/1.1 200) 2 headers in 71 bytes (1 switches on core 0)
[pid: 35333|app: 0|req: 5/14] 220.116.52.243 () {38 vars in 648 bytes} [Fri Oct 27 06:12:32 2023] GET /train-arrival?line=1004&station=%EC%83%81%EA%B3%84&updnline=%ED%95%98%ED%96%89 => generated 137 bytes in 257 msecs (HTTP/1.1 200) 2 headers in 72 bytes (1 switches on core 0)
[pid: 35333|app: 0|req: 6/15] 220.116.52.243 () {42 vars in 622 bytes} [Fri Oct 27 06:16:57 2023] POST /train-arrival/near-station => generated 158 bytes in 3 msecs (HTTP/1.1 200) 2 headers in 72 bytes (1 switches on core 0)
[pid: 35333|app: 0|req: 7/16] 220.116.52.243 () {38 vars in 584 bytes} [Fri Oct 27 06:17:00 2023] GET /train-arrival/getline?station=%EC%83%81%EA%B3%84 => generated 25 bytes in 814 msecs (HTTP/1.1 200) 2 headers in 71 bytes (1 switches on core 0)
[pid: 35333|app: 0|req: 8/17] 220.116.52.243 () {38 vars in 644 bytes} [Fri Oct 27 06:17:04 2023] GET /train-arrival?line=1004&station=%EC%83%81%EA%B3%84&updnline=%ED%95%98%ED%96%89 => generated 124 bytes in 297 msecs (HTTP/1.1 200) 2 headers in 72 bytes (2 switches on core 0)
[pid: 35332|app: 0|req: 10/18] 220.116.52.243 () {42 vars in 622 bytes} [Fri Oct 27 06:17:24 2023] POST /train-arrival/near-station => generated 158 bytes in 3 msecs (HTTP/1.1 200) 2 headers in 72 bytes (2 switches on core 0)
[pid: 35332|app: 0|req: 11/19] 220.116.52.243 () {38 vars in 584 bytes} [Fri Oct 27 06:17:32 2023] GET /train-arrival/getline?station=%EB%85%B8%EC%9B%90 => generated 48 bytes in 408 msecs (HTTP/1.1 200) 2 headers in 71 bytes (1 switches on core 0)
[pid: 35333|app: 0|req: 9/20] 220.116.52.243 () {38 vars in 644 bytes} [Fri Oct 27 06:17:37 2023] GET /train-arrival?line=1007&station=%EB%85%B8%EC%9B%90&updnline=%EC%83%81%ED%96%89 => generated 363 bytes in 296 msecs (HTTP/1.1 200) 2 headers in 72 bytes (2 switches on core 0)
SIGINT/SIGTERM received...killing workers...
worker 1 buried after 1 seconds
worker 2 buried after 1 seconds
goodbye to uWSGI.
VACUUM: pidfile removed.
VACUUM: unix socket ./uwsgi.sock removed.
